<?xml version="1.0" encoding="UTF-8" ?>
<testsuite tests="1" failures="0" name="ua.traficsystem.webdriver.LoginTest" time="74.081" errors="1" skipped="0">
  <properties>
    <property name="idea.version" value="2016.1.2"/>
    <property name="java.runtime.name" value="Java(TM) SE Runtime Environment"/>
    <property name="sun.boot.library.path" value="C:\Program Files\Java\jdk1.8.0_91\jre\bin"/>
    <property name="java.vm.version" value="25.91-b14"/>
    <property name="java.vm.vendor" value="Oracle Corporation"/>
    <property name="java.vendor.url" value="http://java.oracle.com/"/>
    <property name="path.separator" value=";"/>
    <property name="guice.disable.misplaced.annotation.check" value="true"/>
    <property name="java.vm.name" value="Java HotSpot(TM) 64-Bit Server VM"/>
    <property name="file.encoding.pkg" value="sun.io"/>
    <property name="idea.launcher.port" value="7534"/>
    <property name="user.script" value=""/>
    <property name="user.country" value="RU"/>
    <property name="sun.java.launcher" value="SUN_STANDARD"/>
    <property name="sun.os.patch.level" value="Service Pack 1"/>
    <property name="java.vm.specification.name" value="Java Virtual Machine Specification"/>
    <property name="user.dir" value="D:\TestSeleniumTrafic"/>
    <property name="java.runtime.version" value="1.8.0_91-b14"/>
    <property name="java.awt.graphicsenv" value="sun.awt.Win32GraphicsEnvironment"/>
    <property name="java.endorsed.dirs" value="C:\Program Files\Java\jdk1.8.0_91\jre\lib\endorsed"/>
    <property name="os.arch" value="amd64"/>
    <property name="java.io.tmpdir" value="C:\Users\KUKUSH~1\AppData\Local\Temp\"/>
    <property name="line.separator" value="
"/>
    <property name="java.vm.specification.vendor" value="Oracle Corporation"/>
    <property name="user.variant" value=""/>
    <property name="os.name" value="Windows 7"/>
    <property name="classworlds.conf" value="D:\IntelliJ IDEA\IntelliJ IDEA 2016.1.2\plugins\maven\lib\maven3\bin\m2.conf"/>
    <property name="sun.jnu.encoding" value="Cp1251"/>
    <property name="java.library.path" value="C:\Program Files\Java\jdk1.8.0_91\bin;C:\Windows\Sun\Java\bin;C:\Windows\system32;C:\Windows;C:\ProgramData\Oracle\Java\javapath;C:\Program Files (x86)\NVIDIA Corporation\PhysX\Common;C:\Windows\system32;C:\Windows;C:\Windows\System32\Wbem;C:\Windows\System32\WindowsPowerShell\v1.0\;C:\Program Files (x86)\Skype\Phone\;C:\Program Files (x86)\GitExtensions\;C:\Program Files\Git\cmd;C:\Delphi7\Bin;C:\Delphi7\Projects\Bpl;C:\Program Files\OpenVPN\bin;C:\PROGRA~2\Borland\Delphi7\Projects;C:\Delphi7\Projects;."/>
    <property name="java.specification.name" value="Java Platform API Specification"/>
    <property name="java.class.version" value="52.0"/>
    <property name="sun.management.compiler" value="HotSpot 64-Bit Tiered Compilers"/>
    <property name="os.version" value="6.1"/>
    <property name="user.home" value="C:\Users\kukushkin"/>
    <property name="user.timezone" value="Europe/Helsinki"/>
    <property name="java.awt.printerjob" value="sun.awt.windows.WPrinterJob"/>
    <property name="java.specification.version" value="1.8"/>
    <property name="idea.launcher.bin.path" value="D:\IntelliJ IDEA\IntelliJ IDEA 2016.1.2\bin"/>
    <property name="file.encoding" value="UTF-8"/>
    <property name="user.name" value="kukushkin"/>
    <property name="java.class.path" value="D:\IntelliJ IDEA\IntelliJ IDEA 2016.1.2\plugins\maven\lib\maven3\boot\plexus-classworlds-2.4.jar;D:\IntelliJ IDEA\IntelliJ IDEA 2016.1.2\lib\idea_rt.jar"/>
    <property name="java.vm.specification.version" value="1.8"/>
    <property name="sun.arch.data.model" value="64"/>
    <property name="java.home" value="C:\Program Files\Java\jdk1.8.0_91\jre"/>
    <property name="sun.java.command" value="com.intellij.rt.execution.application.AppMain org.codehaus.classworlds.Launcher -Didea.version=2016.1.2 package"/>
    <property name="java.specification.vendor" value="Oracle Corporation"/>
    <property name="user.language" value="ru"/>
    <property name="awt.toolkit" value="sun.awt.windows.WToolkit"/>
    <property name="java.vm.info" value="mixed mode"/>
    <property name="java.version" value="1.8.0_91"/>
    <property name="java.ext.dirs" value="C:\Program Files\Java\jdk1.8.0_91\jre\lib\ext;C:\Windows\Sun\Java\lib\ext"/>
    <property name="sun.boot.class.path" value="C:\Program Files\Java\jdk1.8.0_91\jre\lib\resources.jar;C:\Program Files\Java\jdk1.8.0_91\jre\lib\rt.jar;C:\Program Files\Java\jdk1.8.0_91\jre\lib\sunrsasign.jar;C:\Program Files\Java\jdk1.8.0_91\jre\lib\jsse.jar;C:\Program Files\Java\jdk1.8.0_91\jre\lib\jce.jar;C:\Program Files\Java\jdk1.8.0_91\jre\lib\charsets.jar;C:\Program Files\Java\jdk1.8.0_91\jre\lib\jfr.jar;C:\Program Files\Java\jdk1.8.0_91\jre\classes"/>
    <property name="java.vendor" value="Oracle Corporation"/>
    <property name="maven.home" value="D:\IntelliJ IDEA\IntelliJ IDEA 2016.1.2\plugins\maven\lib\maven3"/>
    <property name="file.separator" value="\"/>
    <property name="java.vendor.url.bug" value="http://bugreport.sun.com/bugreport/"/>
    <property name="sun.cpu.endian" value="little"/>
    <property name="sun.io.unicode.encoding" value="UnicodeLittle"/>
    <property name="sun.desktop" value="windows"/>
    <property name="sun.cpu.isalist" value="amd64"/>
  </properties>
  <testcase classname="ua.traficsystem.webdriver.LoginTest" name="startWebDriver" time="74">
    <error message="Failed to connect to binary FirefoxBinary(C:\Program Files (x86)\Mozilla Firefox\firefox.exe) on port 7055; process output follows: 
t@mozilla.org&quot;:{&quot;d&quot;:&quot;C:\\Program Files (x86)\\Mozilla Firefox\\browser\\features\\e10srollout@mozilla.org.xpi&quot;,&quot;e&quot;:true,&quot;v&quot;:&quot;1.2&quot;,&quot;st&quot;:1474876435556},&quot;firefox@getpocket.com&quot;:{&quot;d&quot;:&quot;C:\\Program Files (x86)\\Mozilla Firefox\\browser\\features\\firefox@getpocket.com.xpi&quot;,&quot;e&quot;:true,&quot;v&quot;:&quot;1.0.4&quot;,&quot;st&quot;:1474876435556},&quot;webcompat@mozilla.org&quot;:{&quot;d&quot;:&quot;C:\\Program Files (x86)\\Mozilla Firefox\\browser\\features\\webcompat@mozilla.org.xpi&quot;,&quot;e&quot;:true,&quot;v&quot;:&quot;1.0&quot;,&quot;st&quot;:1474876435966}},&quot;app-global&quot;:{&quot;{972ce4c6-7e08-4474-a285-3208198ce6fd}&quot;:{&quot;d&quot;:&quot;C:\\Program Files (x86)\\Mozilla Firefox\\browser\\extensions\\{972ce4c6-7e08-4474-a285-3208198ce6fd}.xpi&quot;,&quot;e&quot;:true,&quot;v&quot;:&quot;49.0.1&quot;,&quot;st&quot;:1474876435566}},&quot;winreg-app-global&quot;:{&quot;wrc@avast.com&quot;:{&quot;d&quot;:&quot;C:\\Program Files\\AVAST Software\\Avast\\WebRep\\FF&quot;,&quot;e&quot;:false,&quot;v&quot;:&quot;12.0.88&quot;,&quot;st&quot;:1473415455917,&quot;mt&quot;:1473415438267},&quot;sp@avast.com&quot;:{&quot;d&quot;:&quot;C:\\Program Files\\AVAST Software\\Avast\\SafePrice\\FF&quot;,&quot;e&quot;:false,&quot;v&quot;:&quot;10.3.5.39&quot;,&quot;st&quot;:1473415455827,&quot;mt&quot;:1473415436557}}}
1476098634220	addons.xpi	DEBUG	No changes found
1476098634254	addons.xpi	DEBUG	Registering manifest for C:\Program Files (x86)\Mozilla Firefox\browser\features\e10srollout@mozilla.org.xpi
1476098634344	addons.xpi	DEBUG	Loading bootstrap scope from C:\Program Files (x86)\Mozilla Firefox\browser\features\e10srollout@mozilla.org.xpi
1476098634388	addons.xpi	DEBUG	Calling bootstrap method startup on e10srollout@mozilla.org version 1.2
1476098634389	addons.xpi	DEBUG	Registering manifest for C:\Program Files (x86)\Mozilla Firefox\browser\features\firefox@getpocket.com.xpi
1476098634480	addons.xpi	DEBUG	Loading bootstrap scope from C:\Program Files (x86)\Mozilla Firefox\browser\features\firefox@getpocket.com.xpi
1476098634487	addons.xpi	DEBUG	Calling bootstrap method startup on firefox@getpocket.com version 1.0.4
1476098634529	addons.xpi-utils	DEBUG	Starting async load of XPI database C:\Users\KUKUSH~1\AppData\Local\Temp\anonymous281076279563816113webdriver-profile\extensions.json
1476098634530	addons.xpi	DEBUG	Registering manifest for C:\Program Files (x86)\Mozilla Firefox\browser\features\webcompat@mozilla.org.xpi
1476098634531	addons.xpi	DEBUG	Loading bootstrap scope from C:\Program Files (x86)\Mozilla Firefox\browser\features\webcompat@mozilla.org.xpi
1476098634534	addons.xpi	DEBUG	Calling bootstrap method startup on webcompat@mozilla.org version 1.0
1476098634537	addons.manager	DEBUG	Registering shutdown blocker for XPIProvider
1476098634537	addons.manager	DEBUG	Provider finished startup: XPIProvider
1476098634537	addons.manager	DEBUG	Starting provider: LightweightThemeManager
1476098634538	addons.manager	DEBUG	Registering shutdown blocker for LightweightThemeManager
1476098634538	addons.manager	DEBUG	Provider finished startup: LightweightThemeManager
1476098634538	addons.manager	DEBUG	Starting provider: GMPProvider
1476098634551	addons.manager	DEBUG	Registering shutdown blocker for GMPProvider
1476098634551	addons.manager	DEBUG	Provider finished startup: GMPProvider
1476098634552	addons.manager	DEBUG	Starting provider: PluginProvider
1476098634552	addons.manager	DEBUG	Registering shutdown blocker for PluginProvider
1476098634553	addons.manager	DEBUG	Provider finished startup: PluginProvider
1476098634554	addons.manager	DEBUG	Completed startup sequence
1476098636987	addons.xpi-utils	DEBUG	Async JSON file read took 0 MS
1476098636987	addons.xpi-utils	DEBUG	Finished async read of XPI database, parsing...
1476098636990	addons.xpi-utils	DEBUG	Successfully read XPI database
1476098637002	addons.manager	DEBUG	Starting provider: &lt;unnamed-provider&gt;
1476098637002	addons.manager	DEBUG	Registering shutdown blocker for &lt;unnamed-provider&gt;
1476098637003	addons.manager	DEBUG	Provider finished startup: &lt;unnamed-provider&gt;
*** Blocklist::_loadBlocklistFromFile: blocklist is disabled
1476098637951	addons.manager	DEBUG	Starting provider: PreviousExperimentProvider
1476098637951	addons.manager	DEBUG	Registering shutdown blocker for PreviousExperimentProvider
1476098637952	addons.manager	DEBUG	Provider finished startup: PreviousExperimentProvider

Build info: version: &apos;2.39.0&apos;, revision: &apos;14fa800511cc5d66d426e08b0b2ab926c7ed7398&apos;, time: &apos;2013-12-16 13:18:38&apos;
System info: host: &apos;mkukushkin-i5&apos;, ip: &apos;192.168.56.1&apos;, os.name: &apos;Windows 7&apos;, os.arch: &apos;amd64&apos;, os.version: &apos;6.1&apos;, java.version: &apos;1.8.0_91&apos;
Driver info: driver.version: FirefoxDriver" type="org.openqa.selenium.WebDriverException">org.openqa.selenium.WebDriverException: Failed to connect to binary FirefoxBinary(C:\Program Files (x86)\Mozilla Firefox\firefox.exe) on port 7055; process output follows: 
t@mozilla.org&quot;:{&quot;d&quot;:&quot;C:\\Program Files (x86)\\Mozilla Firefox\\browser\\features\\e10srollout@mozilla.org.xpi&quot;,&quot;e&quot;:true,&quot;v&quot;:&quot;1.2&quot;,&quot;st&quot;:1474876435556},&quot;firefox@getpocket.com&quot;:{&quot;d&quot;:&quot;C:\\Program Files (x86)\\Mozilla Firefox\\browser\\features\\firefox@getpocket.com.xpi&quot;,&quot;e&quot;:true,&quot;v&quot;:&quot;1.0.4&quot;,&quot;st&quot;:1474876435556},&quot;webcompat@mozilla.org&quot;:{&quot;d&quot;:&quot;C:\\Program Files (x86)\\Mozilla Firefox\\browser\\features\\webcompat@mozilla.org.xpi&quot;,&quot;e&quot;:true,&quot;v&quot;:&quot;1.0&quot;,&quot;st&quot;:1474876435966}},&quot;app-global&quot;:{&quot;{972ce4c6-7e08-4474-a285-3208198ce6fd}&quot;:{&quot;d&quot;:&quot;C:\\Program Files (x86)\\Mozilla Firefox\\browser\\extensions\\{972ce4c6-7e08-4474-a285-3208198ce6fd}.xpi&quot;,&quot;e&quot;:true,&quot;v&quot;:&quot;49.0.1&quot;,&quot;st&quot;:1474876435566}},&quot;winreg-app-global&quot;:{&quot;wrc@avast.com&quot;:{&quot;d&quot;:&quot;C:\\Program Files\\AVAST Software\\Avast\\WebRep\\FF&quot;,&quot;e&quot;:false,&quot;v&quot;:&quot;12.0.88&quot;,&quot;st&quot;:1473415455917,&quot;mt&quot;:1473415438267},&quot;sp@avast.com&quot;:{&quot;d&quot;:&quot;C:\\Program Files\\AVAST Software\\Avast\\SafePrice\\FF&quot;,&quot;e&quot;:false,&quot;v&quot;:&quot;10.3.5.39&quot;,&quot;st&quot;:1473415455827,&quot;mt&quot;:1473415436557}}}
1476098634220	addons.xpi	DEBUG	No changes found
1476098634254	addons.xpi	DEBUG	Registering manifest for C:\Program Files (x86)\Mozilla Firefox\browser\features\e10srollout@mozilla.org.xpi
1476098634344	addons.xpi	DEBUG	Loading bootstrap scope from C:\Program Files (x86)\Mozilla Firefox\browser\features\e10srollout@mozilla.org.xpi
1476098634388	addons.xpi	DEBUG	Calling bootstrap method startup on e10srollout@mozilla.org version 1.2
1476098634389	addons.xpi	DEBUG	Registering manifest for C:\Program Files (x86)\Mozilla Firefox\browser\features\firefox@getpocket.com.xpi
1476098634480	addons.xpi	DEBUG	Loading bootstrap scope from C:\Program Files (x86)\Mozilla Firefox\browser\features\firefox@getpocket.com.xpi
1476098634487	addons.xpi	DEBUG	Calling bootstrap method startup on firefox@getpocket.com version 1.0.4
1476098634529	addons.xpi-utils	DEBUG	Starting async load of XPI database C:\Users\KUKUSH~1\AppData\Local\Temp\anonymous281076279563816113webdriver-profile\extensions.json
1476098634530	addons.xpi	DEBUG	Registering manifest for C:\Program Files (x86)\Mozilla Firefox\browser\features\webcompat@mozilla.org.xpi
1476098634531	addons.xpi	DEBUG	Loading bootstrap scope from C:\Program Files (x86)\Mozilla Firefox\browser\features\webcompat@mozilla.org.xpi
1476098634534	addons.xpi	DEBUG	Calling bootstrap method startup on webcompat@mozilla.org version 1.0
1476098634537	addons.manager	DEBUG	Registering shutdown blocker for XPIProvider
1476098634537	addons.manager	DEBUG	Provider finished startup: XPIProvider
1476098634537	addons.manager	DEBUG	Starting provider: LightweightThemeManager
1476098634538	addons.manager	DEBUG	Registering shutdown blocker for LightweightThemeManager
1476098634538	addons.manager	DEBUG	Provider finished startup: LightweightThemeManager
1476098634538	addons.manager	DEBUG	Starting provider: GMPProvider
1476098634551	addons.manager	DEBUG	Registering shutdown blocker for GMPProvider
1476098634551	addons.manager	DEBUG	Provider finished startup: GMPProvider
1476098634552	addons.manager	DEBUG	Starting provider: PluginProvider
1476098634552	addons.manager	DEBUG	Registering shutdown blocker for PluginProvider
1476098634553	addons.manager	DEBUG	Provider finished startup: PluginProvider
1476098634554	addons.manager	DEBUG	Completed startup sequence
1476098636987	addons.xpi-utils	DEBUG	Async JSON file read took 0 MS
1476098636987	addons.xpi-utils	DEBUG	Finished async read of XPI database, parsing...
1476098636990	addons.xpi-utils	DEBUG	Successfully read XPI database
1476098637002	addons.manager	DEBUG	Starting provider: &lt;unnamed-provider&gt;
1476098637002	addons.manager	DEBUG	Registering shutdown blocker for &lt;unnamed-provider&gt;
1476098637003	addons.manager	DEBUG	Provider finished startup: &lt;unnamed-provider&gt;
*** Blocklist::_loadBlocklistFromFile: blocklist is disabled
1476098637951	addons.manager	DEBUG	Starting provider: PreviousExperimentProvider
1476098637951	addons.manager	DEBUG	Registering shutdown blocker for PreviousExperimentProvider
1476098637952	addons.manager	DEBUG	Provider finished startup: PreviousExperimentProvider

Build info: version: &apos;2.39.0&apos;, revision: &apos;14fa800511cc5d66d426e08b0b2ab926c7ed7398&apos;, time: &apos;2013-12-16 13:18:38&apos;
System info: host: &apos;mkukushkin-i5&apos;, ip: &apos;192.168.56.1&apos;, os.name: &apos;Windows 7&apos;, os.arch: &apos;amd64&apos;, os.version: &apos;6.1&apos;, java.version: &apos;1.8.0_91&apos;
Driver info: driver.version: FirefoxDriver
	at org.openqa.selenium.firefox.internal.NewProfileExtensionConnection.start(NewProfileExtensionConnection.java:130)
	at org.openqa.selenium.firefox.FirefoxDriver.startClient(FirefoxDriver.java:250)
	at org.openqa.selenium.remote.RemoteWebDriver.&lt;init&gt;(RemoteWebDriver.java:110)
	at org.openqa.selenium.firefox.FirefoxDriver.&lt;init&gt;(FirefoxDriver.java:195)
	at org.openqa.selenium.firefox.FirefoxDriver.&lt;init&gt;(FirefoxDriver.java:190)
	at org.openqa.selenium.firefox.FirefoxDriver.&lt;init&gt;(FirefoxDriver.java:186)
	at org.openqa.selenium.firefox.FirefoxDriver.&lt;init&gt;(FirefoxDriver.java:99)
	at ua.traficsystem.webdriver.LoginTest.startWebDriver(LoginTest.java:12)
	at sun.reflect.NativeMethodAccessorImpl.invoke0(Native Method)
	at sun.reflect.NativeMethodAccessorImpl.invoke(NativeMethodAccessorImpl.java:62)
	at sun.reflect.DelegatingMethodAccessorImpl.invoke(DelegatingMethodAccessorImpl.java:43)
	at java.lang.reflect.Method.invoke(Method.java:498)
	at org.junit.runners.model.FrameworkMethod$1.runReflectiveCall(FrameworkMethod.java:47)
	at org.junit.internal.runners.model.ReflectiveCallable.run(ReflectiveCallable.java:12)
	at org.junit.runners.model.FrameworkMethod.invokeExplosively(FrameworkMethod.java:44)
	at org.junit.internal.runners.statements.InvokeMethod.evaluate(InvokeMethod.java:17)
	at org.junit.runners.ParentRunner.runLeaf(ParentRunner.java:271)
	at org.junit.runners.BlockJUnit4ClassRunner.runChild(BlockJUnit4ClassRunner.java:70)
	at org.junit.runners.BlockJUnit4ClassRunner.runChild(BlockJUnit4ClassRunner.java:50)
	at org.junit.runners.ParentRunner$3.run(ParentRunner.java:238)
	at org.junit.runners.ParentRunner$1.schedule(ParentRunner.java:63)
	at org.junit.runners.ParentRunner.runChildren(ParentRunner.java:236)
	at org.junit.runners.ParentRunner.access$000(ParentRunner.java:53)
	at org.junit.runners.ParentRunner$2.evaluate(ParentRunner.java:229)
	at org.junit.runners.ParentRunner.run(ParentRunner.java:309)
	at org.apache.maven.surefire.junit4.JUnit4TestSet.execute(JUnit4TestSet.java:53)
	at org.apache.maven.surefire.junit4.JUnit4Provider.executeTestSet(JUnit4Provider.java:123)
	at org.apache.maven.surefire.junit4.JUnit4Provider.invoke(JUnit4Provider.java:104)
	at sun.reflect.NativeMethodAccessorImpl.invoke0(Native Method)
	at sun.reflect.NativeMethodAccessorImpl.invoke(NativeMethodAccessorImpl.java:62)
	at sun.reflect.DelegatingMethodAccessorImpl.invoke(DelegatingMethodAccessorImpl.java:43)
	at java.lang.reflect.Method.invoke(Method.java:498)
	at org.apache.maven.surefire.util.ReflectionUtils.invokeMethodWithArray(ReflectionUtils.java:164)
	at org.apache.maven.surefire.booter.ProviderFactory$ProviderProxy.invoke(ProviderFactory.java:110)
	at org.apache.maven.surefire.booter.SurefireStarter.invokeProvider(SurefireStarter.java:175)
	at org.apache.maven.surefire.booter.SurefireStarter.runSuitesInProcessWhenForked(SurefireStarter.java:107)
	at org.apache.maven.surefire.booter.ForkedBooter.main(ForkedBooter.java:68)
Caused by: org.openqa.selenium.firefox.NotConnectedException: Unable to connect to host 127.0.0.1 on port 7055 after 45000 ms. Firefox console output:
t@mozilla.org&quot;:{&quot;d&quot;:&quot;C:\\Program Files (x86)\\Mozilla Firefox\\browser\\features\\e10srollout@mozilla.org.xpi&quot;,&quot;e&quot;:true,&quot;v&quot;:&quot;1.2&quot;,&quot;st&quot;:1474876435556},&quot;firefox@getpocket.com&quot;:{&quot;d&quot;:&quot;C:\\Program Files (x86)\\Mozilla Firefox\\browser\\features\\firefox@getpocket.com.xpi&quot;,&quot;e&quot;:true,&quot;v&quot;:&quot;1.0.4&quot;,&quot;st&quot;:1474876435556},&quot;webcompat@mozilla.org&quot;:{&quot;d&quot;:&quot;C:\\Program Files (x86)\\Mozilla Firefox\\browser\\features\\webcompat@mozilla.org.xpi&quot;,&quot;e&quot;:true,&quot;v&quot;:&quot;1.0&quot;,&quot;st&quot;:1474876435966}},&quot;app-global&quot;:{&quot;{972ce4c6-7e08-4474-a285-3208198ce6fd}&quot;:{&quot;d&quot;:&quot;C:\\Program Files (x86)\\Mozilla Firefox\\browser\\extensions\\{972ce4c6-7e08-4474-a285-3208198ce6fd}.xpi&quot;,&quot;e&quot;:true,&quot;v&quot;:&quot;49.0.1&quot;,&quot;st&quot;:1474876435566}},&quot;winreg-app-global&quot;:{&quot;wrc@avast.com&quot;:{&quot;d&quot;:&quot;C:\\Program Files\\AVAST Software\\Avast\\WebRep\\FF&quot;,&quot;e&quot;:false,&quot;v&quot;:&quot;12.0.88&quot;,&quot;st&quot;:1473415455917,&quot;mt&quot;:1473415438267},&quot;sp@avast.com&quot;:{&quot;d&quot;:&quot;C:\\Program Files\\AVAST Software\\Avast\\SafePrice\\FF&quot;,&quot;e&quot;:false,&quot;v&quot;:&quot;10.3.5.39&quot;,&quot;st&quot;:1473415455827,&quot;mt&quot;:1473415436557}}}
1476098634220	addons.xpi	DEBUG	No changes found
1476098634254	addons.xpi	DEBUG	Registering manifest for C:\Program Files (x86)\Mozilla Firefox\browser\features\e10srollout@mozilla.org.xpi
1476098634344	addons.xpi	DEBUG	Loading bootstrap scope from C:\Program Files (x86)\Mozilla Firefox\browser\features\e10srollout@mozilla.org.xpi
1476098634388	addons.xpi	DEBUG	Calling bootstrap method startup on e10srollout@mozilla.org version 1.2
1476098634389	addons.xpi	DEBUG	Registering manifest for C:\Program Files (x86)\Mozilla Firefox\browser\features\firefox@getpocket.com.xpi
1476098634480	addons.xpi	DEBUG	Loading bootstrap scope from C:\Program Files (x86)\Mozilla Firefox\browser\features\firefox@getpocket.com.xpi
1476098634487	addons.xpi	DEBUG	Calling bootstrap method startup on firefox@getpocket.com version 1.0.4
1476098634529	addons.xpi-utils	DEBUG	Starting async load of XPI database C:\Users\KUKUSH~1\AppData\Local\Temp\anonymous281076279563816113webdriver-profile\extensions.json
1476098634530	addons.xpi	DEBUG	Registering manifest for C:\Program Files (x86)\Mozilla Firefox\browser\features\webcompat@mozilla.org.xpi
1476098634531	addons.xpi	DEBUG	Loading bootstrap scope from C:\Program Files (x86)\Mozilla Firefox\browser\features\webcompat@mozilla.org.xpi
1476098634534	addons.xpi	DEBUG	Calling bootstrap method startup on webcompat@mozilla.org version 1.0
1476098634537	addons.manager	DEBUG	Registering shutdown blocker for XPIProvider
1476098634537	addons.manager	DEBUG	Provider finished startup: XPIProvider
1476098634537	addons.manager	DEBUG	Starting provider: LightweightThemeManager
1476098634538	addons.manager	DEBUG	Registering shutdown blocker for LightweightThemeManager
1476098634538	addons.manager	DEBUG	Provider finished startup: LightweightThemeManager
1476098634538	addons.manager	DEBUG	Starting provider: GMPProvider
1476098634551	addons.manager	DEBUG	Registering shutdown blocker for GMPProvider
1476098634551	addons.manager	DEBUG	Provider finished startup: GMPProvider
1476098634552	addons.manager	DEBUG	Starting provider: PluginProvider
1476098634552	addons.manager	DEBUG	Registering shutdown blocker for PluginProvider
1476098634553	addons.manager	DEBUG	Provider finished startup: PluginProvider
1476098634554	addons.manager	DEBUG	Completed startup sequence
1476098636987	addons.xpi-utils	DEBUG	Async JSON file read took 0 MS
1476098636987	addons.xpi-utils	DEBUG	Finished async read of XPI database, parsing...
1476098636990	addons.xpi-utils	DEBUG	Successfully read XPI database
1476098637002	addons.manager	DEBUG	Starting provider: &lt;unnamed-provider&gt;
1476098637002	addons.manager	DEBUG	Registering shutdown blocker for &lt;unnamed-provider&gt;
1476098637003	addons.manager	DEBUG	Provider finished startup: &lt;unnamed-provider&gt;
*** Blocklist::_loadBlocklistFromFile: blocklist is disabled
1476098637951	addons.manager	DEBUG	Starting provider: PreviousExperimentProvider
1476098637951	addons.manager	DEBUG	Registering shutdown blocker for PreviousExperimentProvider
1476098637952	addons.manager	DEBUG	Provider finished startup: PreviousExperimentProvider

	at org.openqa.selenium.firefox.internal.NewProfileExtensionConnection.start(NewProfileExtensionConnection.java:118)
	... 36 more
</error>
    <system-err>org.openqa.selenium.firefox.NotConnectedException: Unable to connect to host 127.0.0.1 on port 7055 after 45000 ms. Firefox console output:
t@mozilla.org&quot;:{&quot;d&quot;:&quot;C:\\Program Files (x86)\\Mozilla Firefox\\browser\\features\\e10srollout@mozilla.org.xpi&quot;,&quot;e&quot;:true,&quot;v&quot;:&quot;1.2&quot;,&quot;st&quot;:1474876435556},&quot;firefox@getpocket.com&quot;:{&quot;d&quot;:&quot;C:\\Program Files (x86)\\Mozilla Firefox\\browser\\features\\firefox@getpocket.com.xpi&quot;,&quot;e&quot;:true,&quot;v&quot;:&quot;1.0.4&quot;,&quot;st&quot;:1474876435556},&quot;webcompat@mozilla.org&quot;:{&quot;d&quot;:&quot;C:\\Program Files (x86)\\Mozilla Firefox\\browser\\features\\webcompat@mozilla.org.xpi&quot;,&quot;e&quot;:true,&quot;v&quot;:&quot;1.0&quot;,&quot;st&quot;:1474876435966}},&quot;app-global&quot;:{&quot;{972ce4c6-7e08-4474-a285-3208198ce6fd}&quot;:{&quot;d&quot;:&quot;C:\\Program Files (x86)\\Mozilla Firefox\\browser\\extensions\\{972ce4c6-7e08-4474-a285-3208198ce6fd}.xpi&quot;,&quot;e&quot;:true,&quot;v&quot;:&quot;49.0.1&quot;,&quot;st&quot;:1474876435566}},&quot;winreg-app-global&quot;:{&quot;wrc@avast.com&quot;:{&quot;d&quot;:&quot;C:\\Program Files\\AVAST Software\\Avast\\WebRep\\FF&quot;,&quot;e&quot;:false,&quot;v&quot;:&quot;12.0.88&quot;,&quot;st&quot;:1473415455917,&quot;mt&quot;:1473415438267},&quot;sp@avast.com&quot;:{&quot;d&quot;:&quot;C:\\Program Files\\AVAST Software\\Avast\\SafePrice\\FF&quot;,&quot;e&quot;:false,&quot;v&quot;:&quot;10.3.5.39&quot;,&quot;st&quot;:1473415455827,&quot;mt&quot;:1473415436557}}}
1476098634220	addons.xpi	DEBUG	No changes found
1476098634254	addons.xpi	DEBUG	Registering manifest for C:\Program Files (x86)\Mozilla Firefox\browser\features\e10srollout@mozilla.org.xpi
1476098634344	addons.xpi	DEBUG	Loading bootstrap scope from C:\Program Files (x86)\Mozilla Firefox\browser\features\e10srollout@mozilla.org.xpi
1476098634388	addons.xpi	DEBUG	Calling bootstrap method startup on e10srollout@mozilla.org version 1.2
1476098634389	addons.xpi	DEBUG	Registering manifest for C:\Program Files (x86)\Mozilla Firefox\browser\features\firefox@getpocket.com.xpi
1476098634480	addons.xpi	DEBUG	Loading bootstrap scope from C:\Program Files (x86)\Mozilla Firefox\browser\features\firefox@getpocket.com.xpi
1476098634487	addons.xpi	DEBUG	Calling bootstrap method startup on firefox@getpocket.com version 1.0.4
1476098634529	addons.xpi-utils	DEBUG	Starting async load of XPI database C:\Users\KUKUSH~1\AppData\Local\Temp\anonymous281076279563816113webdriver-profile\extensions.json
1476098634530	addons.xpi	DEBUG	Registering manifest for C:\Program Files (x86)\Mozilla Firefox\browser\features\webcompat@mozilla.org.xpi
1476098634531	addons.xpi	DEBUG	Loading bootstrap scope from C:\Program Files (x86)\Mozilla Firefox\browser\features\webcompat@mozilla.org.xpi
1476098634534	addons.xpi	DEBUG	Calling bootstrap method startup on webcompat@mozilla.org version 1.0
1476098634537	addons.manager	DEBUG	Registering shutdown blocker for XPIProvider
1476098634537	addons.manager	DEBUG	Provider finished startup: XPIProvider
1476098634537	addons.manager	DEBUG	Starting provider: LightweightThemeManager
1476098634538	addons.manager	DEBUG	Registering shutdown blocker for LightweightThemeManager
1476098634538	addons.manager	DEBUG	Provider finished startup: LightweightThemeManager
1476098634538	addons.manager	DEBUG	Starting provider: GMPProvider
1476098634551	addons.manager	DEBUG	Registering shutdown blocker for GMPProvider
1476098634551	addons.manager	DEBUG	Provider finished startup: GMPProvider
1476098634552	addons.manager	DEBUG	Starting provider: PluginProvider
1476098634552	addons.manager	DEBUG	Registering shutdown blocker for PluginProvider
1476098634553	addons.manager	DEBUG	Provider finished startup: PluginProvider
1476098634554	addons.manager	DEBUG	Completed startup sequence
1476098636987	addons.xpi-utils	DEBUG	Async JSON file read took 0 MS
1476098636987	addons.xpi-utils	DEBUG	Finished async read of XPI database, parsing...
1476098636990	addons.xpi-utils	DEBUG	Successfully read XPI database
1476098637002	addons.manager	DEBUG	Starting provider: &lt;unnamed-provider&gt;
1476098637002	addons.manager	DEBUG	Registering shutdown blocker for &lt;unnamed-provider&gt;
1476098637003	addons.manager	DEBUG	Provider finished startup: &lt;unnamed-provider&gt;
*** Blocklist::_loadBlocklistFromFile: blocklist is disabled
1476098637951	addons.manager	DEBUG	Starting provider: PreviousExperimentProvider
1476098637951	addons.manager	DEBUG	Registering shutdown blocker for PreviousExperimentProvider
1476098637952	addons.manager	DEBUG	Provider finished startup: PreviousExperimentProvider

	at org.openqa.selenium.firefox.internal.NewProfileExtensionConnection.start(NewProfileExtensionConnection.java:118)
	at org.openqa.selenium.firefox.FirefoxDriver.startClient(FirefoxDriver.java:250)
	at org.openqa.selenium.remote.RemoteWebDriver.&lt;init&gt;(RemoteWebDriver.java:110)
	at org.openqa.selenium.firefox.FirefoxDriver.&lt;init&gt;(FirefoxDriver.java:195)
	at org.openqa.selenium.firefox.FirefoxDriver.&lt;init&gt;(FirefoxDriver.java:190)
	at org.openqa.selenium.firefox.FirefoxDriver.&lt;init&gt;(FirefoxDriver.java:186)
	at org.openqa.selenium.firefox.FirefoxDriver.&lt;init&gt;(FirefoxDriver.java:99)
	at ua.traficsystem.webdriver.LoginTest.startWebDriver(LoginTest.java:12)
	at sun.reflect.NativeMethodAccessorImpl.invoke0(Native Method)
	at sun.reflect.NativeMethodAccessorImpl.invoke(NativeMethodAccessorImpl.java:62)
	at sun.reflect.DelegatingMethodAccessorImpl.invoke(DelegatingMethodAccessorImpl.java:43)
	at java.lang.reflect.Method.invoke(Method.java:498)
	at org.junit.runners.model.FrameworkMethod$1.runReflectiveCall(FrameworkMethod.java:47)
	at org.junit.internal.runners.model.ReflectiveCallable.run(ReflectiveCallable.java:12)
	at org.junit.runners.model.FrameworkMethod.invokeExplosively(FrameworkMethod.java:44)
	at org.junit.internal.runners.statements.InvokeMethod.evaluate(InvokeMethod.java:17)
	at org.junit.runners.ParentRunner.runLeaf(ParentRunner.java:271)
	at org.junit.runners.BlockJUnit4ClassRunner.runChild(BlockJUnit4ClassRunner.java:70)
	at org.junit.runners.BlockJUnit4ClassRunner.runChild(BlockJUnit4ClassRunner.java:50)
	at org.junit.runners.ParentRunner$3.run(ParentRunner.java:238)
	at org.junit.runners.ParentRunner$1.schedule(ParentRunner.java:63)
	at org.junit.runners.ParentRunner.runChildren(ParentRunner.java:236)
	at org.junit.runners.ParentRunner.access$000(ParentRunner.java:53)
	at org.junit.runners.ParentRunner$2.evaluate(ParentRunner.java:229)
	at org.junit.runners.ParentRunner.run(ParentRunner.java:309)
	at org.apache.maven.surefire.junit4.JUnit4TestSet.execute(JUnit4TestSet.java:53)
	at org.apache.maven.surefire.junit4.JUnit4Provider.executeTestSet(JUnit4Provider.java:123)
	at org.apache.maven.surefire.junit4.JUnit4Provider.invoke(JUnit4Provider.java:104)
	at sun.reflect.NativeMethodAccessorImpl.invoke0(Native Method)
	at sun.reflect.NativeMethodAccessorImpl.invoke(NativeMethodAccessorImpl.java:62)
	at sun.reflect.DelegatingMethodAccessorImpl.invoke(DelegatingMethodAccessorImpl.java:43)
	at java.lang.reflect.Method.invoke(Method.java:498)
	at org.apache.maven.surefire.util.ReflectionUtils.invokeMethodWithArray(ReflectionUtils.java:164)
	at org.apache.maven.surefire.booter.ProviderFactory$ProviderProxy.invoke(ProviderFactory.java:110)
	at org.apache.maven.surefire.booter.SurefireStarter.invokeProvider(SurefireStarter.java:175)
	at org.apache.maven.surefire.booter.SurefireStarter.runSuitesInProcessWhenForked(SurefireStarter.java:107)
	at org.apache.maven.surefire.booter.ForkedBooter.main(ForkedBooter.java:68)
</system-err>
  </testcase>
</testsuite>